<?xml version="1.0" encoding="UTF-8"?>
<testsuite xmlns:xsi="http://www.w3.org/2001/XMLSchema-instance" xsi:schemaLocation="https://maven.apache.org/surefire/maven-surefire-plugin/xsd/surefire-test-report.xsd" name="balarie.features.search.TestAddStudentWeb" time="10.686" tests="2" errors="0" skipped="0" failures="0">
  <properties>
[...]
</properties>
  <testcase name="addStudentIncorect" classname="balarie.features.search.TestAddStudentWeb" time="5.496"/>
  <testcase name="addStudentCorrect" classname="balarie.features.search.TestAddStudentWeb" time="3.2"/>
</testsuite>