<?xml version="1.0" encoding="UTF-8"?><testsuite errors="0" failures="0" name="balarie.features.search.SearchByKeywordStory" skipped="1" tests="3" time="16.27" timestamp="2019-05-06T16:53:49.536066+03:00[Europe/Bucharest]"><testcase classname="balarie.features.search.SearchByKeywordStory" name="Searching by keyword banana should display the corresponding article"/><testcase classname="balarie.features.search.SearchByKeywordStory" name="Searching by ambiguious keyword should display the disambiguation page"><skipped/></testcase><testcase classname="balarie.features.search.SearchByKeywordStory" name="Searching by keyword apple should display the corresponding article"/></testsuite>